<?xml version="1.0" encoding="UTF-8"?>
<testng-results skipped="1" failed="0" total="1" passed="0">
  <reporter-output>
  </reporter-output>
  <suite name="Default suite" duration-ms="19516" started-at="2021-04-27T03:27:15Z" finished-at="2021-04-27T03:27:35Z">
    <groups>
    </groups>
    <test name="Default test" duration-ms="19516" started-at="2021-04-27T03:27:15Z" finished-at="2021-04-27T03:27:35Z">
      <class name="Itilite_makemytrip_testcases.AddTraveller">
        <test-method status="PASS" signature="configBC()[pri:0, instance:Itilite_makemytrip_testcases.AddTraveller@21213b92]" name="configBC" is-config="true" duration-ms="18267" started-at="2021-04-27T08:57:15Z" finished-at="2021-04-27T08:57:33Z">
          <reporter-output>
          </reporter-output>
        </test-method> <!-- configBC -->
        <test-method status="FAIL" signature="configBM()[pri:0, instance:Itilite_makemytrip_testcases.AddTraveller@21213b92]" name="configBM" is-config="true" duration-ms="0" started-at="2021-04-27T08:57:34Z" finished-at="2021-04-27T08:57:34Z">
          <exception class="org.openqa.selenium.NoSuchElementException">
            <message>
              <![CDATA[Unable to locate element: //li[@class='makeFlex hrtlCenter font10 makeRelative lhUser']
For documentation on this error, please visit: https://www.seleniumhq.org/exceptions/no_such_element.html
Build info: version: '3.141.59', revision: 'e82be7d358', time: '2018-11-14T08:17:03'
System info: host: 'DD11B82', ip: '192.168.43.143', os.name: 'Windows 10', os.arch: 'amd64', os.version: '10.0', java.version: '1.8.0_281'
Driver info: org.openqa.selenium.firefox.FirefoxDriver
Capabilities {acceptInsecureCerts: true, browserName: firefox, browserVersion: 88.0, javascriptEnabled: true, moz:accessibilityChecks: false, moz:buildID: 20210415204500, moz:geckodriverVersion: 0.26.0, moz:headless: false, moz:processID: 8940, moz:profile: C:\Users\dell\AppData\Local..., moz:shutdownTimeout: 60000, moz:useNonSpecCompliantPointerOrigin: false, moz:webdriverClick: true, pageLoadStrategy: normal, platform: WINDOWS, platformName: WINDOWS, platformVersion: 10.0, rotatable: false, setWindowRect: true, strictFileInteractability: false, timeouts: {implicit: 0, pageLoad: 300000, script: 30000}, unhandledPromptBehavior: dismiss and notify}
Session ID: 262aee2e-80e3-49e8-bd19-fc57b28752a9
*** Element info: {Using=xpath, value=//li[@class='makeFlex hrtlCenter font10 makeRelative lhUser']}]]>
            </message>
            <full-stacktrace>
              <![CDATA[org.openqa.selenium.NoSuchElementException: Unable to locate element: //li[@class='makeFlex hrtlCenter font10 makeRelative lhUser']
For documentation on this error, please visit: https://www.seleniumhq.org/exceptions/no_such_element.html
Build info: version: '3.141.59', revision: 'e82be7d358', time: '2018-11-14T08:17:03'
System info: host: 'DD11B82', ip: '192.168.43.143', os.name: 'Windows 10', os.arch: 'amd64', os.version: '10.0', java.version: '1.8.0_281'
Driver info: org.openqa.selenium.firefox.FirefoxDriver
Capabilities {acceptInsecureCerts: true, browserName: firefox, browserVersion: 88.0, javascriptEnabled: true, moz:accessibilityChecks: false, moz:buildID: 20210415204500, moz:geckodriverVersion: 0.26.0, moz:headless: false, moz:processID: 8940, moz:profile: C:\Users\dell\AppData\Local..., moz:shutdownTimeout: 60000, moz:useNonSpecCompliantPointerOrigin: false, moz:webdriverClick: true, pageLoadStrategy: normal, platform: WINDOWS, platformName: WINDOWS, platformVersion: 10.0, rotatable: false, setWindowRect: true, strictFileInteractability: false, timeouts: {implicit: 0, pageLoad: 300000, script: 30000}, unhandledPromptBehavior: dismiss and notify}
Session ID: 262aee2e-80e3-49e8-bd19-fc57b28752a9
*** Element info: {Using=xpath, value=//li[@class='makeFlex hrtlCenter font10 makeRelative lhUser']}
	at sun.reflect.NativeConstructorAccessorImpl.newInstance0(Native Method)
	at sun.reflect.NativeConstructorAccessorImpl.newInstance(Unknown Source)
	at sun.reflect.DelegatingConstructorAccessorImpl.newInstance(Unknown Source)
	at java.lang.reflect.Constructor.newInstance(Unknown Source)
	at org.openqa.selenium.remote.http.W3CHttpResponseCodec.createException(W3CHttpResponseCodec.java:187)
	at org.openqa.selenium.remote.http.W3CHttpResponseCodec.decode(W3CHttpResponseCodec.java:122)
	at org.openqa.selenium.remote.http.W3CHttpResponseCodec.decode(W3CHttpResponseCodec.java:49)
	at org.openqa.selenium.remote.HttpCommandExecutor.execute(HttpCommandExecutor.java:158)
	at org.openqa.selenium.remote.service.DriverCommandExecutor.execute(DriverCommandExecutor.java:83)
	at org.openqa.selenium.remote.RemoteWebDriver.execute(RemoteWebDriver.java:552)
	at org.openqa.selenium.remote.RemoteWebDriver.findElement(RemoteWebDriver.java:323)
	at org.openqa.selenium.remote.RemoteWebDriver.findElementByXPath(RemoteWebDriver.java:428)
	at org.openqa.selenium.By$ByXPath.findElement(By.java:353)
	at org.openqa.selenium.remote.RemoteWebDriver.findElement(RemoteWebDriver.java:315)
	at org.openqa.selenium.support.pagefactory.DefaultElementLocator.findElement(DefaultElementLocator.java:69)
	at org.openqa.selenium.support.pagefactory.internal.LocatingElementHandler.invoke(LocatingElementHandler.java:38)
	at com.sun.proxy.$Proxy11.click(Unknown Source)
	at Itilite_makemytrip_pom.Homepage.bookflight(Homepage.java:156)
	at Itilite_makemytrip_genericutility.Baseclass.configBM(Baseclass.java:46)
	at sun.reflect.NativeMethodAccessorImpl.invoke0(Native Method)
	at sun.reflect.NativeMethodAccessorImpl.invoke(Unknown Source)
	at sun.reflect.DelegatingMethodAccessorImpl.invoke(Unknown Source)
	at java.lang.reflect.Method.invoke(Unknown Source)
	at org.testng.internal.MethodInvocationHelper.invokeMethod(MethodInvocationHelper.java:100)
	at org.testng.internal.Invoker.invokeConfigurationMethod(Invoker.java:515)
	at org.testng.internal.Invoker.invokeConfigurations(Invoker.java:216)
	at org.testng.internal.Invoker.invokeMethod(Invoker.java:590)
	at org.testng.internal.Invoker.invokeTestMethod(Invoker.java:811)
	at org.testng.internal.Invoker.invokeTestMethods(Invoker.java:1137)
	at org.testng.internal.TestMethodWorker.invokeTestMethods(TestMethodWorker.java:129)
	at org.testng.internal.TestMethodWorker.run(TestMethodWorker.java:112)
	at org.testng.TestRunner.privateRun(TestRunner.java:749)
	at org.testng.TestRunner.run(TestRunner.java:603)
	at org.testng.SuiteRunner.runTest(SuiteRunner.java:368)
	at org.testng.SuiteRunner.runSequentially(SuiteRunner.java:363)
	at org.testng.SuiteRunner.privateRun(SuiteRunner.java:321)
	at org.testng.SuiteRunner.run(SuiteRunner.java:270)
	at org.testng.SuiteRunnerWorker.runSuite(SuiteRunnerWorker.java:52)
	at org.testng.SuiteRunnerWorker.run(SuiteRunnerWorker.java:86)
	at org.testng.TestNG.runSuitesSequentially(TestNG.java:1284)
	at org.testng.TestNG.runSuitesLocally(TestNG.java:1209)
	at org.testng.TestNG.runSuites(TestNG.java:1124)
	at org.testng.TestNG.run(TestNG.java:1096)
	at org.testng.remote.AbstractRemoteTestNG.run(AbstractRemoteTestNG.java:132)
	at org.testng.remote.RemoteTestNG.initAndRun(RemoteTestNG.java:236)
	at org.testng.remote.RemoteTestNG.main(RemoteTestNG.java:81)
]]>
            </full-stacktrace>
          </exception> <!-- org.openqa.selenium.NoSuchElementException -->
          <reporter-output>
          </reporter-output>
        </test-method> <!-- configBM -->
        <test-method status="SKIP" signature="traveller()[pri:0, instance:Itilite_makemytrip_testcases.AddTraveller@21213b92]" name="traveller" duration-ms="6" started-at="2021-04-27T08:57:35Z" finished-at="2021-04-27T08:57:35Z">
          <reporter-output>
          </reporter-output>
        </test-method> <!-- traveller -->
        <test-method status="SKIP" signature="configAM()[pri:0, instance:Itilite_makemytrip_testcases.AddTraveller@21213b92]" name="configAM" is-config="true" duration-ms="0" started-at="2021-04-27T08:57:35Z" finished-at="2021-04-27T08:57:35Z">
          <reporter-output>
          </reporter-output>
        </test-method> <!-- configAM -->
        <test-method status="SKIP" signature="configAC()[pri:0, instance:Itilite_makemytrip_testcases.AddTraveller@21213b92]" name="configAC" is-config="true" duration-ms="0" started-at="2021-04-27T08:57:35Z" finished-at="2021-04-27T08:57:35Z">
          <reporter-output>
          </reporter-output>
        </test-method> <!-- configAC -->
      </class> <!-- Itilite_makemytrip_testcases.AddTraveller -->
    </test> <!-- Default test -->
  </suite> <!-- Default suite -->
</testng-results>
